Cache size                    : 200
Block size                    : 8
Associativity                 : 1
Read only ports               : 1
Write only ports              : 1
Read write ports              : 0
Single ended read ports       : 0
Cache banks (UCA)             : 1
Technology                    : 0.032
Temperature                   : 350
Tag size                      : 42
cache type                    : Scratch RAM
Model as memory               : 0
Access mode                   : 0
Data array cell type          : 2
Data array peripheral type    : 2
Tag array cell type           : 2
Tag array peripheral type     : 2
Design objective (UCA wt)     : 0 0 50 0 50
Design objective (UCA dev)    : 50 1000 100 1000 1000
Design objective (NUCA wt)    : 0 0 0 0 100
Design objective (NUCA dev)   : 0 0 0 0 100
Cache model                   : 0
Nuca bank                     : 0
Wire inside mat               : 1
Wire outside mat              : 1
Interconnect projection       : 1
Wire signalling               : 0
Cores                         : 8
Print level                   : 1
ECC overhead                  : 1
Page size                     : 8192
Burst length                  : 8
Internal prefetch width       : 8
Force cache config            : 0

---------- CACTI version 6.5, Uniform Cache Access SRAM Model ----------

Cache Parameters:
    Total cache size (bytes): 200
    Number of banks: 1
    Associativity: direct mapped
    Block size (bytes): 8
    Read/write Ports: 0
    Read ports: 1
    Write ports: 1
    Technology size (nm): 32

    Access time (ns): 0.293132
    Cycle time (ns):  0.238117
    Total dynamic read energy per access (nJ): 0.00053255
    Total leakage power of a bank (mW): 0.0367092
    Total dynamic write energy per access (nJ): 0.000587126
    Cache height x width (mm): 0.0590427 x 0.0364491

    Best Ndwl : 1
    Best Ndbl : 1
    Best Nspd : 1
    Best Ndcm : 1
    Best Ndsam L1 : 1
    Best Ndsam L2 : 1

    Data array, H-tree wire type: Delay optimized global wires

Time Components:

  Data side (with Output driver) (ns): 0.293132
	H-tree input delay (ns): 0
	Decoder + wordline delay (ns): 0.163237
	Bitline delay (ns): 0.0559364
	Sense Amplifier delay (ns): 0.00325135
	H-tree output delay (ns): 0.0707066


Power Components:

  Data array: Total dynamic read energy/access  (nJ): 0.00053255
	Total leakage read/write power of a bank (mW): 0.0367092
	Total energy in H-tree (that includes both address and data transfer) (nJ): 0
	Output Htree Energy (nJ): 0
	Decoder (nJ): 6.19555e-06
	Wordline (nJ): 6.95954e-06
	Bitline mux & associated drivers (nJ): 0
	Sense amp mux & associated drivers (nJ): 0
	Bitlines (nJ): 4.12004e-05
	Sense amplifier energy (nJ): 2.58528e-05
	Sub-array output driver (nJ): 0.000419929


Area Components:

  Data array: Area (mm2): 0.00215205
	Height (mm): 0.0590427
	Width (mm): 0.0364491
	Area efficiency (Memory cell area/Total area) - 22.7756 %
		MAT Height (mm): 0.0590427
		MAT Length (mm): 0.0364491
		Subarray Height (mm): 0.0176704
		Subarray Length (mm): 0.0321654

Wire Properties:

  Delay Optimal
	Repeater size - 122.371 
	Repeater spacing - 0.186362 (mm) 
	Delay - 0.130706 (ns/mm) 
	PowerD - 0.000183134 (nJ/mm) 
	PowerL - 0.00443502 (mW/mm)
	Wire width - 0.064 microns
	Wire spacing - 0.064 microns

  5% Overhead
	Repeater size - 0 
	Repeater spacing - 0 (mm) 
	Delay - 0 (ns/mm) 
	PowerD - 0 (nJ/mm) 
	PowerL - 0 (mW/mm)
	Wire width - 0.064 microns
	Wire spacing - 0.064 microns

  10% Overhead
	Repeater size - 0 
	Repeater spacing - 0 (mm) 
	Delay - 0 (ns/mm) 
	PowerD - 0 (nJ/mm) 
	PowerL - 0 (mW/mm)
	Wire width - 0.064 microns
	Wire spacing - 0.064 microns

  20% Overhead
	Repeater size - 0 
	Repeater spacing - 0 (mm) 
	Delay - 0 (ns/mm) 
	PowerD - 0 (nJ/mm) 
	PowerL - 0 (mW/mm)
	Wire width - 0.064 microns
	Wire spacing - 0.064 microns

  30% Overhead
	Repeater size - 0 
	Repeater spacing - 0 (mm) 
	Delay - 0 (ns/mm) 
	PowerD - 0 (nJ/mm) 
	PowerL - 0 (mW/mm)
	Wire width - 0.064 microns
	Wire spacing - 0.064 microns

  Low-swing wire (1 mm) - Note: Unlike repeated wires, 
	delay and power values of low-swing wires do not
	have a linear relationship with length. 
	delay - 0.130458 (ns) 
	powerD - 7.29923e-07 (nJ) 
	PowerL - 3.01137e-08 (mW)
	Wire width - 1.28e-07 microns
	Wire spacing - 1.28e-07 microns


Connection to IPC server failed.
Starting IPC Server. (Port = 1925)
IPC Server started successfully.
Using display unix:50
                  Milkyway(TM)
  Version G-2012.06 for RHEL64 -- May 24, 2012
                                                  

Linux 3.2.0-4-amd64 #1 SMP Debian 3.2.51-1 x86_64

Host: icluster13.EECS.Berkeley.EDU (AMD.64)

Copyright (C) 1991-2012 Synopsys, Inc. All rights reserved.
Your use of this program is subject to the terms and conditions of
a written license agreement between you, or your company, and Synopsys.
Use the Tcl command "help about" for additional information about
certain restrictions on your use of this software and its inputs and outputs.
Install Path: /home/ff/cs250/tools/synopsys/mw/current

Starting a non page replacement mode Milkyway db session... 

Loading /home/ff/cs250/tools/synopsys/mw/current/etc/scheme/.avntrc
#t
 Info: loading setup file(s)
Info: sourcing installation .synopsys_milkyway.tcl
Info: sourced /home/ff/cs250/tools/synopsys/mw/current/etc/auxx/tcllib/astro/milkyway.tbc
Open library "/home/ff/cs250/fa10/stdcells/synopsys-32nm/vendor/lib/stdcell_rvt/milkyway/saed32nm_rvt_1p9m" successfully.
Change index of default color [magenta] from [51] to [55]
Unable to set dimmed layer "10" line style to "none_@_Dim_@_"
Technology data dumped to sram8t25x64.tempTech completely.
All libraries closed successfully.
Start to load technology file sram8t25x64.tempTech.
Warning: DesignRule is defined with non-consecutive layers 'VIA1' and 'VIA1'. (line 2930) (TFCHK-080)
Warning: DesignRule '' is missing the attribute 'stackable'. (line 2930) (TFCHK-014)
Warning: DesignRule is defined with non-consecutive layers 'VIA2' and 'VIA2'. (line 2948) (TFCHK-080)
Warning: DesignRule '' is missing the attribute 'stackable'. (line 2948) (TFCHK-014)
Warning: DesignRule is defined with non-consecutive layers 'VIA3' and 'VIA3'. (line 2966) (TFCHK-080)
Warning: DesignRule '' is missing the attribute 'stackable'. (line 2966) (TFCHK-014)
Warning: DesignRule is defined with non-consecutive layers 'VIA4' and 'VIA4'. (line 2984) (TFCHK-080)
Warning: DesignRule '' is missing the attribute 'stackable'. (line 2984) (TFCHK-014)
Warning: DesignRule is defined with non-consecutive layers 'VIA5' and 'VIA5'. (line 3002) (TFCHK-080)
Warning: DesignRule '' is missing the attribute 'stackable'. (line 3002) (TFCHK-014)
Warning: DesignRule is defined with non-consecutive layers 'VIA6' and 'VIA6'. (line 3020) (TFCHK-080)
Warning: DesignRule '' is missing the attribute 'stackable'. (line 3020) (TFCHK-014)
Warning: DesignRule is defined with non-consecutive layers 'VIA7' and 'VIA7'. (line 3038) (TFCHK-080)
Warning: DesignRule '' is missing the attribute 'stackable'. (line 3038) (TFCHK-014)
Warning: DesignRule '' is missing the attribute 'stackable'. (line 3166) (TFCHK-014)
Warning: DesignRule is defined with non-consecutive layers 'NWELL' and 'PIMP'. (line 3166) (TFCHK-080)
Warning: DesignRule '' is missing the attribute 'stackable'. (line 3173) (TFCHK-014)
Warning: DesignRule is defined with non-consecutive layers 'PO' and 'DIFF'. (line 3173) (TFCHK-080)
Warning: DesignRule '' is missing the attribute 'stackable'. (line 3180) (TFCHK-014)
Warning: DesignRule is defined with non-consecutive layers 'DIFF' and 'CO'. (line 3180) (TFCHK-080)
Warning: DesignRule '' is missing the attribute 'stackable'. (line 3192) (TFCHK-014)
Warning: DesignRule is defined with non-consecutive layers 'PO' and 'CO'. (line 3192) (TFCHK-080)
Warning: DesignRule '' is missing the attribute 'stackable'. (line 3199) (TFCHK-014)
Warning: DesignRule is defined with non-consecutive layers 'PIMP' and 'NIMP'. (line 3199) (TFCHK-080)
Warning: DesignRule '' is missing the attribute 'stackable'. (line 3210) (TFCHK-014)
Warning: DesignRule is defined with non-consecutive layers 'M1' and 'CO'. (line 3210) (TFCHK-080)
Warning: DesignRule '' is missing the attribute 'stackable'. (line 3229) (TFCHK-014)
Warning: DesignRule is defined with non-consecutive layers 'M1' and 'VIA1'. (line 3229) (TFCHK-080)
Warning: DesignRule '' is missing the attribute 'stackable'. (line 3241) (TFCHK-014)
Warning: DesignRule is defined with non-consecutive layers 'M2' and 'VIA1'. (line 3241) (TFCHK-080)
Warning: DesignRule '' is missing the attribute 'stackable'. (line 3252) (TFCHK-014)
Warning: DesignRule is defined with non-consecutive layers 'M2' and 'VIA2'. (line 3252) (TFCHK-080)
Warning: DesignRule '' is missing the attribute 'stackable'. (line 3263) (TFCHK-014)
Warning: DesignRule is defined with non-consecutive layers 'M3' and 'VIA2'. (line 3263) (TFCHK-080)
Warning: DesignRule '' is missing the attribute 'stackable'. (line 3274) (TFCHK-014)
Warning: DesignRule is defined with non-consecutive layers 'M3' and 'VIA3'. (line 3274) (TFCHK-080)
Warning: DesignRule '' is missing the attribute 'stackable'. (line 3285) (TFCHK-014)
Warning: DesignRule is defined with non-consecutive layers 'M4' and 'VIA3'. (line 3285) (TFCHK-080)
Warning: DesignRule '' is missing the attribute 'stackable'. (line 3296) (TFCHK-014)
Warning: DesignRule is defined with non-consecutive layers 'M4' and 'VIA4'. (line 3296) (TFCHK-080)
Warning: DesignRule '' is missing the attribute 'stackable'. (line 3307) (TFCHK-014)
Warning: DesignRule is defined with non-consecutive layers 'M5' and 'VIA4'. (line 3307) (TFCHK-080)
Warning: DesignRule '' is missing the attribute 'stackable'. (line 3318) (TFCHK-014)
Warning: DesignRule is defined with non-consecutive layers 'M5' and 'VIA5'. (line 3318) (TFCHK-080)
Warning: DesignRule '' is missing the attribute 'stackable'. (line 3329) (TFCHK-014)
Warning: DesignRule is defined with non-consecutive layers 'M6' and 'VIA5'. (line 3329) (TFCHK-080)
Warning: DesignRule '' is missing the attribute 'stackable'. (line 3340) (TFCHK-014)
Warning: DesignRule is defined with non-consecutive layers 'M6' and 'VIA6'. (line 3340) (TFCHK-080)
Warning: DesignRule '' is missing the attribute 'stackable'. (line 3351) (TFCHK-014)
Warning: DesignRule is defined with non-consecutive layers 'M7' and 'VIA6'. (line 3351) (TFCHK-080)
Warning: DesignRule '' is missing the attribute 'stackable'. (line 3362) (TFCHK-014)
Warning: DesignRule is defined with non-consecutive layers 'M7' and 'VIA7'. (line 3362) (TFCHK-080)
Warning: DesignRule '' is missing the attribute 'stackable'. (line 3373) (TFCHK-014)
Warning: DesignRule is defined with non-consecutive layers 'M8' and 'VIA7'. (line 3373) (TFCHK-080)
Warning: DesignRule '' is missing the attribute 'stackable'. (line 3384) (TFCHK-014)
Warning: DesignRule is defined with non-consecutive layers 'M8' and 'VIA8'. (line 3384) (TFCHK-080)
Warning: DesignRule '' is missing the attribute 'stackable'. (line 3395) (TFCHK-014)
Warning: DesignRule is defined with non-consecutive layers 'M9' and 'VIA8'. (line 3395) (TFCHK-080)
Warning: DesignRule '' is missing the attribute 'stackable'. (line 3406) (TFCHK-014)
Warning: DesignRule is defined with non-consecutive layers 'M9' and 'VIARDL'. (line 3406) (TFCHK-080)
Warning: Layer 'M1' has a pitch 0.152 that does not match the recommended wire-to-via pitch 0.13 or 0.105. (TFCHK-049)
Warning: Layer 'M2' has a pitch 0.152 that does not match the recommended wire-to-via pitch 0.164 or 0.139. (TFCHK-049)
Warning: Layer 'M3' has a pitch 0.304 that does not match the recommended wire-to-via pitch 0.139. (TFCHK-049)
Warning: Layer 'M4' has a pitch 0.304 that does not match the recommended wire-to-via pitch 0.139. (TFCHK-049)
Warning: Layer 'M5' has a pitch 0.608 that does not match the recommended wire-to-via pitch 0.139. (TFCHK-049)
Warning: Layer 'M6' has a pitch 0.608 that does not match the recommended wire-to-via pitch 0.139. (TFCHK-049)
Warning: Layer 'M7' has a pitch 1.216 that does not match the recommended wire-to-via pitch 0.139. (TFCHK-049)
Warning: Layer 'M8' has a pitch 1.216 that does not match the recommended wire-to-via pitch 0.179 or 0.164. (TFCHK-049)
Warning: Layer 'M9' has a pitch 2.432 that does not match the recommended wire-to-via pitch 1.74. (TFCHK-049)
Warning: Layer 'MRDL' has a pitch 4.864 that does not match the recommended wire-to-via pitch 4.5. (TFCHK-049)
Warning: Layer 'MRDL' has a pitch 4.864 that does not match the doubled pitch 2.432 or tripled pitch 3.648. (TFCHK-050)
Warning: CapModel sections are missing. Capacitance models should be loaded with a TLU+ file later. (TFCHK-084)
Technology file sram8t25x64.tempTech has been loaded successfully.

	>>>>>>> MILKYWAY LEF IN <<<<<<<

>>> Read Cell LEF File "/scratch/cs250-fa14/ucbsc/sram8t25x64.pd.tmp/sram8t25x64.lef" ... 



Starting to read LEF file ...
Re-mark cell sram8t25x64's type as MacroCell.


Calling LEF IN API exit handler ...
 Done


Read LEF completed.


Extracting blockage/pin ... 

------ new BPV starts ... -----
Using [5 x 5] Fat Wire Table for M1
Fat condition [0] is less than minWidth on M1
Using [5 x 5] Fat Wire Table for M2
Fat condition [0] is less than minWidth on M2
Using [5 x 5] Fat Wire Table for M3
Fat condition [0] is less than minWidth on M3
Using [5 x 5] Fat Wire Table for M4
Fat condition [0] is less than minWidth on M4
Using [5 x 5] Fat Wire Table for M5
Fat condition [0] is less than minWidth on M5
Using [5 x 5] Fat Wire Table for M6
Fat condition [0] is less than minWidth on M6
Using [5 x 5] Fat Wire Table for M7
Fat condition [0] is less than minWidth on M7
Using [5 x 5] Fat Wire Table for M8
Fat condition [0] is less than minWidth on M8
Using [3 x 3] Fat Wire Table for M9
Fat condition [0] is less than minWidth on M9
------ new BPV starts ... -----
Using [5 x 5] Fat Wire Table for M1
Fat condition [0] is less than minWidth on M1
Using [5 x 5] Fat Wire Table for M2
Fat condition [0] is less than minWidth on M2
Using [5 x 5] Fat Wire Table for M3
Fat condition [0] is less than minWidth on M3
Using [5 x 5] Fat Wire Table for M4
Fat condition [0] is less than minWidth on M4
Using [5 x 5] Fat Wire Table for M5
Fat condition [0] is less than minWidth on M5
Using [5 x 5] Fat Wire Table for M6
Fat condition [0] is less than minWidth on M6
Using [5 x 5] Fat Wire Table for M7
Fat condition [0] is less than minWidth on M7
Using [5 x 5] Fat Wire Table for M8
Fat condition [0] is less than minWidth on M8
Using [3 x 3] Fat Wire Table for M9
Fat condition [0] is less than minWidth on M9
Marking EEQ ports in each cell.
------ new BPV starts ... -----
Using [5 x 5] Fat Wire Table for M1
Fat condition [0] is less than minWidth on M1
Using [5 x 5] Fat Wire Table for M2
Fat condition [0] is less than minWidth on M2
Using [5 x 5] Fat Wire Table for M3
Fat condition [0] is less than minWidth on M3
Using [5 x 5] Fat Wire Table for M4
Fat condition [0] is less than minWidth on M4
Using [5 x 5] Fat Wire Table for M5
Fat condition [0] is less than minWidth on M5
Using [5 x 5] Fat Wire Table for M6
Fat condition [0] is less than minWidth on M6
Using [5 x 5] Fat Wire Table for M7
Fat condition [0] is less than minWidth on M7
Using [5 x 5] Fat Wire Table for M8
Fat condition [0] is less than minWidth on M8
Using [3 x 3] Fat Wire Table for M9
Fat condition [0] is less than minWidth on M9
       Processing cell [sram8t25x64_3660.CEL] ...
(Macro Instance Object Layer) .....................
Metal[5] pin access processing ...
Acc-edge scanBox: [0, 0] - [55264, 4864]
Acc-edge metal scanBox: [3584, 0] - [51832, 4864]
Acc-edge scanBox: [50400, 0] - [55264, 58368]
Acc-edge metal scanBox: [50400, 0] - [55264, 51224]
Acc-edge scanBox: [0, 53504] - [55264, 58368]
Acc-edge metal scanBox: [5195, 53504] - [9915, 58368]
Acc-edge scanBox: [0, 0] - [4864, 58368]
Acc-edge metal scanBox: [0, 0] - [4952, 51224]
Metal[4] pin access processing ...
Acc-edge scanBox: [0, 0] - [55264, 7200]
Acc-edge metal scanBox: [3584, 0] - [51832, 7200]
Acc-edge scanBox: [48064, 0] - [55264, 58368]
Acc-edge metal scanBox: [48032, 0] - [55264, 51224]
Acc-edge scanBox: [0, 51168] - [55264, 58368]
Acc-edge metal scanBox: [0, 51072] - [55264, 58368]
Acc-edge scanBox: [0, 0] - [7200, 58368]
Acc-edge metal scanBox: [0, 0] - [7200, 51224]
Metal[3] pin access processing ...
Acc-edge scanBox: [0, 0] - [55264, 2432]
Acc-edge metal scanBox: [3584, 0] - [51832, 2432]
Acc-edge scanBox: [52832, 0] - [55264, 58368]
Acc-edge metal scanBox: [52832, 36480] - [55264, 51224]
Acc-edge scanBox: [0, 55936] - [55264, 58368]
Acc-edge metal scanBox: [5195, 55936] - [9915, 58368]
Acc-edge scanBox: [0, 0] - [2432, 58368]
Acc-edge metal scanBox: [0, 14592] - [2432, 51224]
Metal[2] pin access processing ...
Acc-edge scanBox: [0, 0] - [55264, 1216]
Acc-edge metal scanBox: [3584, 0] - [51832, 1216]
Acc-edge scanBox: [54048, 0] - [55264, 58368]
Acc-edge metal scanBox: [54048, 36480] - [55264, 51224]
Acc-edge scanBox: [0, 57152] - [55264, 58368]
Acc-edge metal scanBox: [5195, 56368] - [9915, 58368]
Acc-edge scanBox: [0, 0] - [1216, 58368]
Acc-edge metal scanBox: [0, 14592] - [1216, 51224]
Made macro sram8t25x64.

Load Library settings...
WARNING : This is not a standard cell library.
Skip setting PR boundary & defining wire track.

Maximum memory usage for this session:    54.46 MB
CPU usage for this session: 0 seconds
Kill NullXServer PID = 3664
Thank you for using Milkyway
Exit AMonitor!
Exit AServer!

                           DesignWare (R)
                        Library Compiler (TM)

          Version G-2012.06-SP3 for RHEL64 -- Oct 23, 2012
               Copyright (c) 1988-2012 Synopsys, Inc.

This software and the associated documentation are confidential and 
proprietary to Synopsys, Inc. Your use or disclosure of this software 
is subject to the terms and conditions of a written license agreement 
between you, or your company, and Synopsys, Inc.

Initializing...
read_lib sram8t25x64.lib
Reading '/scratch/cs250-fa14/ucbsc/sram8t25x64.pd.tmp/sram8t25x64.lib' ...
Warning: Line 97, Cell 'sram8t25x64', pin 'OEB1', The pin 'OEB1' does not have a internal_power group. (LBDB-607)
Warning: Line 117, Cell 'sram8t25x64', pin 'CSB1', The pin 'CSB1' does not have a internal_power group. (LBDB-607)
Warning: Line 138, Cell 'sram8t25x64', pin 'A1[4]', The pin 'A1[4]' does not have a internal_power group. (LBDB-607)
Warning: Line 138, Cell 'sram8t25x64', pin 'A1[3]', The pin 'A1[3]' does not have a internal_power group. (LBDB-607)
Warning: Line 138, Cell 'sram8t25x64', pin 'A1[2]', The pin 'A1[2]' does not have a internal_power group. (LBDB-607)
Warning: Line 138, Cell 'sram8t25x64', pin 'A1[1]', The pin 'A1[1]' does not have a internal_power group. (LBDB-607)
Warning: Line 138, Cell 'sram8t25x64', pin 'A1[0]', The pin 'A1[0]' does not have a internal_power group. (LBDB-607)
Warning: Line 159, Cell 'sram8t25x64', pin 'O1[63]', The pin 'O1[63]' does not have a internal_power group. (LBDB-607)
Warning: Line 159, Cell 'sram8t25x64', pin 'O1[62]', The pin 'O1[62]' does not have a internal_power group. (LBDB-607)
Warning: Line 159, Cell 'sram8t25x64', pin 'O1[61]', The pin 'O1[61]' does not have a internal_power group. (LBDB-607)
Warning: Line 159, Cell 'sram8t25x64', pin 'O1[60]', The pin 'O1[60]' does not have a internal_power group. (LBDB-607)
Warning: Line 159, Cell 'sram8t25x64', pin 'O1[59]', The pin 'O1[59]' does not have a internal_power group. (LBDB-607)
Warning: Line 159, Cell 'sram8t25x64', pin 'O1[58]', The pin 'O1[58]' does not have a internal_power group. (LBDB-607)
Warning: Line 159, Cell 'sram8t25x64', pin 'O1[57]', The pin 'O1[57]' does not have a internal_power group. (LBDB-607)
Warning: Line 159, Cell 'sram8t25x64', pin 'O1[56]', The pin 'O1[56]' does not have a internal_power group. (LBDB-607)
Warning: Line 159, Cell 'sram8t25x64', pin 'O1[55]', The pin 'O1[55]' does not have a internal_power group. (LBDB-607)
Warning: Line 159, Cell 'sram8t25x64', pin 'O1[54]', The pin 'O1[54]' does not have a internal_power group. (LBDB-607)
Warning: Line 159, Cell 'sram8t25x64', pin 'O1[53]', The pin 'O1[53]' does not have a internal_power group. (LBDB-607)
Warning: Line 159, Cell 'sram8t25x64', pin 'O1[52]', The pin 'O1[52]' does not have a internal_power group. (LBDB-607)
Warning: Line 159, Cell 'sram8t25x64', pin 'O1[51]', The pin 'O1[51]' does not have a internal_power group. (LBDB-607)
Warning: Line 159, Cell 'sram8t25x64', pin 'O1[50]', The pin 'O1[50]' does not have a internal_power group. (LBDB-607)
Warning: Line 159, Cell 'sram8t25x64', pin 'O1[49]', The pin 'O1[49]' does not have a internal_power group. (LBDB-607)
Warning: Line 159, Cell 'sram8t25x64', pin 'O1[48]', The pin 'O1[48]' does not have a internal_power group. (LBDB-607)
Warning: Line 159, Cell 'sram8t25x64', pin 'O1[47]', The pin 'O1[47]' does not have a internal_power group. (LBDB-607)
Warning: Line 159, Cell 'sram8t25x64', pin 'O1[46]', The pin 'O1[46]' does not have a internal_power group. (LBDB-607)
Warning: Line 159, Cell 'sram8t25x64', pin 'O1[45]', The pin 'O1[45]' does not have a internal_power group. (LBDB-607)
Warning: Line 159, Cell 'sram8t25x64', pin 'O1[44]', The pin 'O1[44]' does not have a internal_power group. (LBDB-607)
Warning: Line 159, Cell 'sram8t25x64', pin 'O1[43]', The pin 'O1[43]' does not have a internal_power group. (LBDB-607)
Warning: Line 159, Cell 'sram8t25x64', pin 'O1[42]', The pin 'O1[42]' does not have a internal_power group. (LBDB-607)
Warning: Line 159, Cell 'sram8t25x64', pin 'O1[41]', The pin 'O1[41]' does not have a internal_power group. (LBDB-607)
Warning: Line 159, Cell 'sram8t25x64', pin 'O1[40]', The pin 'O1[40]' does not have a internal_power group. (LBDB-607)
Warning: Line 159, Cell 'sram8t25x64', pin 'O1[39]', The pin 'O1[39]' does not have a internal_power group. (LBDB-607)
Warning: Line 159, Cell 'sram8t25x64', pin 'O1[38]', The pin 'O1[38]' does not have a internal_power group. (LBDB-607)
Warning: Line 159, Cell 'sram8t25x64', pin 'O1[37]', The pin 'O1[37]' does not have a internal_power group. (LBDB-607)
Warning: Line 159, Cell 'sram8t25x64', pin 'O1[36]', The pin 'O1[36]' does not have a internal_power group. (LBDB-607)
Warning: Line 159, Cell 'sram8t25x64', pin 'O1[35]', The pin 'O1[35]' does not have a internal_power group. (LBDB-607)
Warning: Line 159, Cell 'sram8t25x64', pin 'O1[34]', The pin 'O1[34]' does not have a internal_power group. (LBDB-607)
Warning: Line 159, Cell 'sram8t25x64', pin 'O1[33]', The pin 'O1[33]' does not have a internal_power group. (LBDB-607)
Warning: Line 159, Cell 'sram8t25x64', pin 'O1[32]', The pin 'O1[32]' does not have a internal_power group. (LBDB-607)
Warning: Line 159, Cell 'sram8t25x64', pin 'O1[31]', The pin 'O1[31]' does not have a internal_power group. (LBDB-607)
Warning: Line 159, Cell 'sram8t25x64', pin 'O1[30]', The pin 'O1[30]' does not have a internal_power group. (LBDB-607)
Warning: Line 159, Cell 'sram8t25x64', pin 'O1[29]', The pin 'O1[29]' does not have a internal_power group. (LBDB-607)
Warning: Line 159, Cell 'sram8t25x64', pin 'O1[28]', The pin 'O1[28]' does not have a internal_power group. (LBDB-607)
Warning: Line 159, Cell 'sram8t25x64', pin 'O1[27]', The pin 'O1[27]' does not have a internal_power group. (LBDB-607)
Warning: Line 159, Cell 'sram8t25x64', pin 'O1[26]', The pin 'O1[26]' does not have a internal_power group. (LBDB-607)
Warning: Line 159, Cell 'sram8t25x64', pin 'O1[25]', The pin 'O1[25]' does not have a internal_power group. (LBDB-607)
Warning: Line 159, Cell 'sram8t25x64', pin 'O1[24]', The pin 'O1[24]' does not have a internal_power group. (LBDB-607)
Warning: Line 159, Cell 'sram8t25x64', pin 'O1[23]', The pin 'O1[23]' does not have a internal_power group. (LBDB-607)
Warning: Line 159, Cell 'sram8t25x64', pin 'O1[22]', The pin 'O1[22]' does not have a internal_power group. (LBDB-607)
Warning: Line 159, Cell 'sram8t25x64', pin 'O1[21]', The pin 'O1[21]' does not have a internal_power group. (LBDB-607)
Warning: Line 159, Cell 'sram8t25x64', pin 'O1[20]', The pin 'O1[20]' does not have a internal_power group. (LBDB-607)
Warning: Line 159, Cell 'sram8t25x64', pin 'O1[19]', The pin 'O1[19]' does not have a internal_power group. (LBDB-607)
Warning: Line 159, Cell 'sram8t25x64', pin 'O1[18]', The pin 'O1[18]' does not have a internal_power group. (LBDB-607)
Warning: Line 159, Cell 'sram8t25x64', pin 'O1[17]', The pin 'O1[17]' does not have a internal_power group. (LBDB-607)
Warning: Line 159, Cell 'sram8t25x64', pin 'O1[16]', The pin 'O1[16]' does not have a internal_power group. (LBDB-607)
Warning: Line 159, Cell 'sram8t25x64', pin 'O1[15]', The pin 'O1[15]' does not have a internal_power group. (LBDB-607)
Warning: Line 159, Cell 'sram8t25x64', pin 'O1[14]', The pin 'O1[14]' does not have a internal_power group. (LBDB-607)
Warning: Line 159, Cell 'sram8t25x64', pin 'O1[13]', The pin 'O1[13]' does not have a internal_power group. (LBDB-607)
Warning: Line 159, Cell 'sram8t25x64', pin 'O1[12]', The pin 'O1[12]' does not have a internal_power group. (LBDB-607)
Warning: Line 159, Cell 'sram8t25x64', pin 'O1[11]', The pin 'O1[11]' does not have a internal_power group. (LBDB-607)
Warning: Line 159, Cell 'sram8t25x64', pin 'O1[10]', The pin 'O1[10]' does not have a internal_power group. (LBDB-607)
Warning: Line 159, Cell 'sram8t25x64', pin 'O1[9]', The pin 'O1[9]' does not have a internal_power group. (LBDB-607)
Warning: Line 159, Cell 'sram8t25x64', pin 'O1[8]', The pin 'O1[8]' does not have a internal_power group. (LBDB-607)
Warning: Line 159, Cell 'sram8t25x64', pin 'O1[7]', The pin 'O1[7]' does not have a internal_power group. (LBDB-607)
Warning: Line 159, Cell 'sram8t25x64', pin 'O1[6]', The pin 'O1[6]' does not have a internal_power group. (LBDB-607)
Warning: Line 159, Cell 'sram8t25x64', pin 'O1[5]', The pin 'O1[5]' does not have a internal_power group. (LBDB-607)
Warning: Line 159, Cell 'sram8t25x64', pin 'O1[4]', The pin 'O1[4]' does not have a internal_power group. (LBDB-607)
Warning: Line 159, Cell 'sram8t25x64', pin 'O1[3]', The pin 'O1[3]' does not have a internal_power group. (LBDB-607)
Warning: Line 159, Cell 'sram8t25x64', pin 'O1[2]', The pin 'O1[2]' does not have a internal_power group. (LBDB-607)
Warning: Line 159, Cell 'sram8t25x64', pin 'O1[1]', The pin 'O1[1]' does not have a internal_power group. (LBDB-607)
Warning: Line 159, Cell 'sram8t25x64', pin 'O1[0]', The pin 'O1[0]' does not have a internal_power group. (LBDB-607)
Warning: Line 192, Cell 'sram8t25x64', pin 'WEB2', The pin 'WEB2' does not have a internal_power group. (LBDB-607)
Warning: Line 212, Cell 'sram8t25x64', pin 'CSB2', The pin 'CSB2' does not have a internal_power group. (LBDB-607)
Warning: Line 233, Cell 'sram8t25x64', pin 'A2[4]', The pin 'A2[4]' does not have a internal_power group. (LBDB-607)
Warning: Line 233, Cell 'sram8t25x64', pin 'A2[3]', The pin 'A2[3]' does not have a internal_power group. (LBDB-607)
Warning: Line 233, Cell 'sram8t25x64', pin 'A2[2]', The pin 'A2[2]' does not have a internal_power group. (LBDB-607)
Warning: Line 233, Cell 'sram8t25x64', pin 'A2[1]', The pin 'A2[1]' does not have a internal_power group. (LBDB-607)
Warning: Line 233, Cell 'sram8t25x64', pin 'A2[0]', The pin 'A2[0]' does not have a internal_power group. (LBDB-607)
Warning: Line 254, Cell 'sram8t25x64', pin 'I2[63]', The pin 'I2[63]' does not have a internal_power group. (LBDB-607)
Warning: Line 254, Cell 'sram8t25x64', pin 'I2[62]', The pin 'I2[62]' does not have a internal_power group. (LBDB-607)
Warning: Line 254, Cell 'sram8t25x64', pin 'I2[61]', The pin 'I2[61]' does not have a internal_power group. (LBDB-607)
Warning: Line 254, Cell 'sram8t25x64', pin 'I2[60]', The pin 'I2[60]' does not have a internal_power group. (LBDB-607)
Warning: Line 254, Cell 'sram8t25x64', pin 'I2[59]', The pin 'I2[59]' does not have a internal_power group. (LBDB-607)
Warning: Line 254, Cell 'sram8t25x64', pin 'I2[58]', The pin 'I2[58]' does not have a internal_power group. (LBDB-607)
Warning: Line 254, Cell 'sram8t25x64', pin 'I2[57]', The pin 'I2[57]' does not have a internal_power group. (LBDB-607)
Warning: Line 254, Cell 'sram8t25x64', pin 'I2[56]', The pin 'I2[56]' does not have a internal_power group. (LBDB-607)
Warning: Line 254, Cell 'sram8t25x64', pin 'I2[55]', The pin 'I2[55]' does not have a internal_power group. (LBDB-607)
Warning: Line 254, Cell 'sram8t25x64', pin 'I2[54]', The pin 'I2[54]' does not have a internal_power group. (LBDB-607)
Warning: Line 254, Cell 'sram8t25x64', pin 'I2[53]', The pin 'I2[53]' does not have a internal_power group. (LBDB-607)
Warning: Line 254, Cell 'sram8t25x64', pin 'I2[52]', The pin 'I2[52]' does not have a internal_power group. (LBDB-607)
Warning: Line 254, Cell 'sram8t25x64', pin 'I2[51]', The pin 'I2[51]' does not have a internal_power group. (LBDB-607)
Warning: Line 254, Cell 'sram8t25x64', pin 'I2[50]', The pin 'I2[50]' does not have a internal_power group. (LBDB-607)
Warning: Line 254, Cell 'sram8t25x64', pin 'I2[49]', The pin 'I2[49]' does not have a internal_power group. (LBDB-607)
Warning: Line 254, Cell 'sram8t25x64', pin 'I2[48]', The pin 'I2[48]' does not have a internal_power group. (LBDB-607)
Warning: Line 254, Cell 'sram8t25x64', pin 'I2[47]', The pin 'I2[47]' does not have a internal_power group. (LBDB-607)
Warning: Line 254, Cell 'sram8t25x64', pin 'I2[46]', The pin 'I2[46]' does not have a internal_power group. (LBDB-607)
Warning: Line 254, Cell 'sram8t25x64', pin 'I2[45]', The pin 'I2[45]' does not have a internal_power group. (LBDB-607)
Warning: Line 254, Cell 'sram8t25x64', pin 'I2[44]', The pin 'I2[44]' does not have a internal_power group. (LBDB-607)
Warning: Line 254, Cell 'sram8t25x64', pin 'I2[43]', The pin 'I2[43]' does not have a internal_power group. (LBDB-607)
Warning: Line 254, Cell 'sram8t25x64', pin 'I2[42]', The pin 'I2[42]' does not have a internal_power group. (LBDB-607)
Warning: Line 254, Cell 'sram8t25x64', pin 'I2[41]', The pin 'I2[41]' does not have a internal_power group. (LBDB-607)
Warning: Line 254, Cell 'sram8t25x64', pin 'I2[40]', The pin 'I2[40]' does not have a internal_power group. (LBDB-607)
Warning: Line 254, Cell 'sram8t25x64', pin 'I2[39]', The pin 'I2[39]' does not have a internal_power group. (LBDB-607)
Warning: Line 254, Cell 'sram8t25x64', pin 'I2[38]', The pin 'I2[38]' does not have a internal_power group. (LBDB-607)
Warning: Line 254, Cell 'sram8t25x64', pin 'I2[37]', The pin 'I2[37]' does not have a internal_power group. (LBDB-607)
Warning: Line 254, Cell 'sram8t25x64', pin 'I2[36]', The pin 'I2[36]' does not have a internal_power group. (LBDB-607)
Warning: Line 254, Cell 'sram8t25x64', pin 'I2[35]', The pin 'I2[35]' does not have a internal_power group. (LBDB-607)
Warning: Line 254, Cell 'sram8t25x64', pin 'I2[34]', The pin 'I2[34]' does not have a internal_power group. (LBDB-607)
Warning: Line 254, Cell 'sram8t25x64', pin 'I2[33]', The pin 'I2[33]' does not have a internal_power group. (LBDB-607)
Warning: Line 254, Cell 'sram8t25x64', pin 'I2[32]', The pin 'I2[32]' does not have a internal_power group. (LBDB-607)
Warning: Line 254, Cell 'sram8t25x64', pin 'I2[31]', The pin 'I2[31]' does not have a internal_power group. (LBDB-607)
Warning: Line 254, Cell 'sram8t25x64', pin 'I2[30]', The pin 'I2[30]' does not have a internal_power group. (LBDB-607)
Warning: Line 254, Cell 'sram8t25x64', pin 'I2[29]', The pin 'I2[29]' does not have a internal_power group. (LBDB-607)
Warning: Line 254, Cell 'sram8t25x64', pin 'I2[28]', The pin 'I2[28]' does not have a internal_power group. (LBDB-607)
Warning: Line 254, Cell 'sram8t25x64', pin 'I2[27]', The pin 'I2[27]' does not have a internal_power group. (LBDB-607)
Warning: Line 254, Cell 'sram8t25x64', pin 'I2[26]', The pin 'I2[26]' does not have a internal_power group. (LBDB-607)
Warning: Line 254, Cell 'sram8t25x64', pin 'I2[25]', The pin 'I2[25]' does not have a internal_power group. (LBDB-607)
Warning: Line 254, Cell 'sram8t25x64', pin 'I2[24]', The pin 'I2[24]' does not have a internal_power group. (LBDB-607)
Warning: Line 254, Cell 'sram8t25x64', pin 'I2[23]', The pin 'I2[23]' does not have a internal_power group. (LBDB-607)
Warning: Line 254, Cell 'sram8t25x64', pin 'I2[22]', The pin 'I2[22]' does not have a internal_power group. (LBDB-607)
Warning: Line 254, Cell 'sram8t25x64', pin 'I2[21]', The pin 'I2[21]' does not have a internal_power group. (LBDB-607)
Warning: Line 254, Cell 'sram8t25x64', pin 'I2[20]', The pin 'I2[20]' does not have a internal_power group. (LBDB-607)
Warning: Line 254, Cell 'sram8t25x64', pin 'I2[19]', The pin 'I2[19]' does not have a internal_power group. (LBDB-607)
Warning: Line 254, Cell 'sram8t25x64', pin 'I2[18]', The pin 'I2[18]' does not have a internal_power group. (LBDB-607)
Warning: Line 254, Cell 'sram8t25x64', pin 'I2[17]', The pin 'I2[17]' does not have a internal_power group. (LBDB-607)
Warning: Line 254, Cell 'sram8t25x64', pin 'I2[16]', The pin 'I2[16]' does not have a internal_power group. (LBDB-607)
Warning: Line 254, Cell 'sram8t25x64', pin 'I2[15]', The pin 'I2[15]' does not have a internal_power group. (LBDB-607)
Warning: Line 254, Cell 'sram8t25x64', pin 'I2[14]', The pin 'I2[14]' does not have a internal_power group. (LBDB-607)
Warning: Line 254, Cell 'sram8t25x64', pin 'I2[13]', The pin 'I2[13]' does not have a internal_power group. (LBDB-607)
Warning: Line 254, Cell 'sram8t25x64', pin 'I2[12]', The pin 'I2[12]' does not have a internal_power group. (LBDB-607)
Warning: Line 254, Cell 'sram8t25x64', pin 'I2[11]', The pin 'I2[11]' does not have a internal_power group. (LBDB-607)
Warning: Line 254, Cell 'sram8t25x64', pin 'I2[10]', The pin 'I2[10]' does not have a internal_power group. (LBDB-607)
Warning: Line 254, Cell 'sram8t25x64', pin 'I2[9]', The pin 'I2[9]' does not have a internal_power group. (LBDB-607)
Warning: Line 254, Cell 'sram8t25x64', pin 'I2[8]', The pin 'I2[8]' does not have a internal_power group. (LBDB-607)
Warning: Line 254, Cell 'sram8t25x64', pin 'I2[7]', The pin 'I2[7]' does not have a internal_power group. (LBDB-607)
Warning: Line 254, Cell 'sram8t25x64', pin 'I2[6]', The pin 'I2[6]' does not have a internal_power group. (LBDB-607)
Warning: Line 254, Cell 'sram8t25x64', pin 'I2[5]', The pin 'I2[5]' does not have a internal_power group. (LBDB-607)
Warning: Line 254, Cell 'sram8t25x64', pin 'I2[4]', The pin 'I2[4]' does not have a internal_power group. (LBDB-607)
Warning: Line 254, Cell 'sram8t25x64', pin 'I2[3]', The pin 'I2[3]' does not have a internal_power group. (LBDB-607)
Warning: Line 254, Cell 'sram8t25x64', pin 'I2[2]', The pin 'I2[2]' does not have a internal_power group. (LBDB-607)
Warning: Line 254, Cell 'sram8t25x64', pin 'I2[1]', The pin 'I2[1]' does not have a internal_power group. (LBDB-607)
Warning: Line 254, Cell 'sram8t25x64', pin 'I2[0]', The pin 'I2[0]' does not have a internal_power group. (LBDB-607)
Warning: Line 159, Cell 'sram8t25x64', pin 'O1[63]', The 'O1[63]' Pin/bus on the 'sram8t25x64' cell has no 'function' attribute.
	The cell becomes a black box. (LIBG-16)
Warning: Line 159, Cell 'sram8t25x64', pin 'O1[62]', The 'O1[62]' Pin/bus on the 'sram8t25x64' cell has no 'function' attribute.
	The cell becomes a black box. (LIBG-16)
Warning: Line 159, Cell 'sram8t25x64', pin 'O1[61]', The 'O1[61]' Pin/bus on the 'sram8t25x64' cell has no 'function' attribute.
	The cell becomes a black box. (LIBG-16)
Warning: Line 159, Cell 'sram8t25x64', pin 'O1[60]', The 'O1[60]' Pin/bus on the 'sram8t25x64' cell has no 'function' attribute.
	The cell becomes a black box. (LIBG-16)
Warning: Line 159, Cell 'sram8t25x64', pin 'O1[59]', The 'O1[59]' Pin/bus on the 'sram8t25x64' cell has no 'function' attribute.
	The cell becomes a black box. (LIBG-16)
Warning: Line 159, Cell 'sram8t25x64', pin 'O1[58]', The 'O1[58]' Pin/bus on the 'sram8t25x64' cell has no 'function' attribute.
	The cell becomes a black box. (LIBG-16)
Warning: Line 159, Cell 'sram8t25x64', pin 'O1[57]', The 'O1[57]' Pin/bus on the 'sram8t25x64' cell has no 'function' attribute.
	The cell becomes a black box. (LIBG-16)
Warning: Line 159, Cell 'sram8t25x64', pin 'O1[56]', The 'O1[56]' Pin/bus on the 'sram8t25x64' cell has no 'function' attribute.
	The cell becomes a black box. (LIBG-16)
Warning: Line 159, Cell 'sram8t25x64', pin 'O1[55]', The 'O1[55]' Pin/bus on the 'sram8t25x64' cell has no 'function' attribute.
	The cell becomes a black box. (LIBG-16)
Warning: Line 159, Cell 'sram8t25x64', pin 'O1[54]', The 'O1[54]' Pin/bus on the 'sram8t25x64' cell has no 'function' attribute.
	The cell becomes a black box. (LIBG-16)
Warning: Line 159, Cell 'sram8t25x64', pin 'O1[53]', The 'O1[53]' Pin/bus on the 'sram8t25x64' cell has no 'function' attribute.
	The cell becomes a black box. (LIBG-16)
Warning: Line 159, Cell 'sram8t25x64', pin 'O1[52]', The 'O1[52]' Pin/bus on the 'sram8t25x64' cell has no 'function' attribute.
	The cell becomes a black box. (LIBG-16)
Warning: Line 159, Cell 'sram8t25x64', pin 'O1[51]', The 'O1[51]' Pin/bus on the 'sram8t25x64' cell has no 'function' attribute.
	The cell becomes a black box. (LIBG-16)
Warning: Line 159, Cell 'sram8t25x64', pin 'O1[50]', The 'O1[50]' Pin/bus on the 'sram8t25x64' cell has no 'function' attribute.
	The cell becomes a black box. (LIBG-16)
Warning: Line 159, Cell 'sram8t25x64', pin 'O1[49]', The 'O1[49]' Pin/bus on the 'sram8t25x64' cell has no 'function' attribute.
	The cell becomes a black box. (LIBG-16)
Warning: Line 159, Cell 'sram8t25x64', pin 'O1[48]', The 'O1[48]' Pin/bus on the 'sram8t25x64' cell has no 'function' attribute.
	The cell becomes a black box. (LIBG-16)
Warning: Line 159, Cell 'sram8t25x64', pin 'O1[47]', The 'O1[47]' Pin/bus on the 'sram8t25x64' cell has no 'function' attribute.
	The cell becomes a black box. (LIBG-16)
Warning: Line 159, Cell 'sram8t25x64', pin 'O1[46]', The 'O1[46]' Pin/bus on the 'sram8t25x64' cell has no 'function' attribute.
	The cell becomes a black box. (LIBG-16)
Warning: Line 159, Cell 'sram8t25x64', pin 'O1[45]', The 'O1[45]' Pin/bus on the 'sram8t25x64' cell has no 'function' attribute.
	The cell becomes a black box. (LIBG-16)
Warning: Line 159, Cell 'sram8t25x64', pin 'O1[44]', The 'O1[44]' Pin/bus on the 'sram8t25x64' cell has no 'function' attribute.
	The cell becomes a black box. (LIBG-16)
Warning: Line 159, Cell 'sram8t25x64', pin 'O1[43]', The 'O1[43]' Pin/bus on the 'sram8t25x64' cell has no 'function' attribute.
	The cell becomes a black box. (LIBG-16)
Warning: Line 159, Cell 'sram8t25x64', pin 'O1[42]', The 'O1[42]' Pin/bus on the 'sram8t25x64' cell has no 'function' attribute.
	The cell becomes a black box. (LIBG-16)
Warning: Line 159, Cell 'sram8t25x64', pin 'O1[41]', The 'O1[41]' Pin/bus on the 'sram8t25x64' cell has no 'function' attribute.
	The cell becomes a black box. (LIBG-16)
Warning: Line 159, Cell 'sram8t25x64', pin 'O1[40]', The 'O1[40]' Pin/bus on the 'sram8t25x64' cell has no 'function' attribute.
	The cell becomes a black box. (LIBG-16)
Warning: Line 159, Cell 'sram8t25x64', pin 'O1[39]', The 'O1[39]' Pin/bus on the 'sram8t25x64' cell has no 'function' attribute.
	The cell becomes a black box. (LIBG-16)
Warning: Line 159, Cell 'sram8t25x64', pin 'O1[38]', The 'O1[38]' Pin/bus on the 'sram8t25x64' cell has no 'function' attribute.
	The cell becomes a black box. (LIBG-16)
Warning: Line 159, Cell 'sram8t25x64', pin 'O1[37]', The 'O1[37]' Pin/bus on the 'sram8t25x64' cell has no 'function' attribute.
	The cell becomes a black box. (LIBG-16)
Warning: Line 159, Cell 'sram8t25x64', pin 'O1[36]', The 'O1[36]' Pin/bus on the 'sram8t25x64' cell has no 'function' attribute.
	The cell becomes a black box. (LIBG-16)
Warning: Line 159, Cell 'sram8t25x64', pin 'O1[35]', The 'O1[35]' Pin/bus on the 'sram8t25x64' cell has no 'function' attribute.
	The cell becomes a black box. (LIBG-16)
Warning: Line 159, Cell 'sram8t25x64', pin 'O1[34]', The 'O1[34]' Pin/bus on the 'sram8t25x64' cell has no 'function' attribute.
	The cell becomes a black box. (LIBG-16)
Warning: Line 159, Cell 'sram8t25x64', pin 'O1[33]', The 'O1[33]' Pin/bus on the 'sram8t25x64' cell has no 'function' attribute.
	The cell becomes a black box. (LIBG-16)
Warning: Line 159, Cell 'sram8t25x64', pin 'O1[32]', The 'O1[32]' Pin/bus on the 'sram8t25x64' cell has no 'function' attribute.
	The cell becomes a black box. (LIBG-16)
Warning: Line 159, Cell 'sram8t25x64', pin 'O1[31]', The 'O1[31]' Pin/bus on the 'sram8t25x64' cell has no 'function' attribute.
	The cell becomes a black box. (LIBG-16)
Warning: Line 159, Cell 'sram8t25x64', pin 'O1[30]', The 'O1[30]' Pin/bus on the 'sram8t25x64' cell has no 'function' attribute.
	The cell becomes a black box. (LIBG-16)
Warning: Line 159, Cell 'sram8t25x64', pin 'O1[29]', The 'O1[29]' Pin/bus on the 'sram8t25x64' cell has no 'function' attribute.
	The cell becomes a black box. (LIBG-16)
Warning: Line 159, Cell 'sram8t25x64', pin 'O1[28]', The 'O1[28]' Pin/bus on the 'sram8t25x64' cell has no 'function' attribute.
	The cell becomes a black box. (LIBG-16)
Warning: Line 159, Cell 'sram8t25x64', pin 'O1[27]', The 'O1[27]' Pin/bus on the 'sram8t25x64' cell has no 'function' attribute.
	The cell becomes a black box. (LIBG-16)
Warning: Line 159, Cell 'sram8t25x64', pin 'O1[26]', The 'O1[26]' Pin/bus on the 'sram8t25x64' cell has no 'function' attribute.
	The cell becomes a black box. (LIBG-16)
Warning: Line 159, Cell 'sram8t25x64', pin 'O1[25]', The 'O1[25]' Pin/bus on the 'sram8t25x64' cell has no 'function' attribute.
	The cell becomes a black box. (LIBG-16)
Warning: Line 159, Cell 'sram8t25x64', pin 'O1[24]', The 'O1[24]' Pin/bus on the 'sram8t25x64' cell has no 'function' attribute.
	The cell becomes a black box. (LIBG-16)
Warning: Line 159, Cell 'sram8t25x64', pin 'O1[23]', The 'O1[23]' Pin/bus on the 'sram8t25x64' cell has no 'function' attribute.
	The cell becomes a black box. (LIBG-16)
Warning: Line 159, Cell 'sram8t25x64', pin 'O1[22]', The 'O1[22]' Pin/bus on the 'sram8t25x64' cell has no 'function' attribute.
	The cell becomes a black box. (LIBG-16)
Warning: Line 159, Cell 'sram8t25x64', pin 'O1[21]', The 'O1[21]' Pin/bus on the 'sram8t25x64' cell has no 'function' attribute.
	The cell becomes a black box. (LIBG-16)
Warning: Line 159, Cell 'sram8t25x64', pin 'O1[20]', The 'O1[20]' Pin/bus on the 'sram8t25x64' cell has no 'function' attribute.
	The cell becomes a black box. (LIBG-16)
Warning: Line 159, Cell 'sram8t25x64', pin 'O1[19]', The 'O1[19]' Pin/bus on the 'sram8t25x64' cell has no 'function' attribute.
	The cell becomes a black box. (LIBG-16)
Warning: Line 159, Cell 'sram8t25x64', pin 'O1[18]', The 'O1[18]' Pin/bus on the 'sram8t25x64' cell has no 'function' attribute.
	The cell becomes a black box. (LIBG-16)
Warning: Line 159, Cell 'sram8t25x64', pin 'O1[17]', The 'O1[17]' Pin/bus on the 'sram8t25x64' cell has no 'function' attribute.
	The cell becomes a black box. (LIBG-16)
Warning: Line 159, Cell 'sram8t25x64', pin 'O1[16]', The 'O1[16]' Pin/bus on the 'sram8t25x64' cell has no 'function' attribute.
	The cell becomes a black box. (LIBG-16)
Warning: Line 159, Cell 'sram8t25x64', pin 'O1[15]', The 'O1[15]' Pin/bus on the 'sram8t25x64' cell has no 'function' attribute.
	The cell becomes a black box. (LIBG-16)
Warning: Line 159, Cell 'sram8t25x64', pin 'O1[14]', The 'O1[14]' Pin/bus on the 'sram8t25x64' cell has no 'function' attribute.
	The cell becomes a black box. (LIBG-16)
Warning: Line 159, Cell 'sram8t25x64', pin 'O1[13]', The 'O1[13]' Pin/bus on the 'sram8t25x64' cell has no 'function' attribute.
	The cell becomes a black box. (LIBG-16)
Warning: Line 159, Cell 'sram8t25x64', pin 'O1[12]', The 'O1[12]' Pin/bus on the 'sram8t25x64' cell has no 'function' attribute.
	The cell becomes a black box. (LIBG-16)
Warning: Line 159, Cell 'sram8t25x64', pin 'O1[11]', The 'O1[11]' Pin/bus on the 'sram8t25x64' cell has no 'function' attribute.
	The cell becomes a black box. (LIBG-16)
Warning: Line 159, Cell 'sram8t25x64', pin 'O1[10]', The 'O1[10]' Pin/bus on the 'sram8t25x64' cell has no 'function' attribute.
	The cell becomes a black box. (LIBG-16)
Warning: Line 159, Cell 'sram8t25x64', pin 'O1[9]', The 'O1[9]' Pin/bus on the 'sram8t25x64' cell has no 'function' attribute.
	The cell becomes a black box. (LIBG-16)
Warning: Line 159, Cell 'sram8t25x64', pin 'O1[8]', The 'O1[8]' Pin/bus on the 'sram8t25x64' cell has no 'function' attribute.
	The cell becomes a black box. (LIBG-16)
Warning: Line 159, Cell 'sram8t25x64', pin 'O1[7]', The 'O1[7]' Pin/bus on the 'sram8t25x64' cell has no 'function' attribute.
	The cell becomes a black box. (LIBG-16)
Warning: Line 159, Cell 'sram8t25x64', pin 'O1[6]', The 'O1[6]' Pin/bus on the 'sram8t25x64' cell has no 'function' attribute.
	The cell becomes a black box. (LIBG-16)
Warning: Line 159, Cell 'sram8t25x64', pin 'O1[5]', The 'O1[5]' Pin/bus on the 'sram8t25x64' cell has no 'function' attribute.
	The cell becomes a black box. (LIBG-16)
Warning: Line 159, Cell 'sram8t25x64', pin 'O1[4]', The 'O1[4]' Pin/bus on the 'sram8t25x64' cell has no 'function' attribute.
	The cell becomes a black box. (LIBG-16)
Warning: Line 159, Cell 'sram8t25x64', pin 'O1[3]', The 'O1[3]' Pin/bus on the 'sram8t25x64' cell has no 'function' attribute.
	The cell becomes a black box. (LIBG-16)
Warning: Line 159, Cell 'sram8t25x64', pin 'O1[2]', The 'O1[2]' Pin/bus on the 'sram8t25x64' cell has no 'function' attribute.
	The cell becomes a black box. (LIBG-16)
Warning: Line 159, Cell 'sram8t25x64', pin 'O1[1]', The 'O1[1]' Pin/bus on the 'sram8t25x64' cell has no 'function' attribute.
	The cell becomes a black box. (LIBG-16)
Warning: Line 159, Cell 'sram8t25x64', pin 'O1[0]', The 'O1[0]' Pin/bus on the 'sram8t25x64' cell has no 'function' attribute.
	The cell becomes a black box. (LIBG-16)
Warning: Line 66, Cell 'sram8t25x64', Failed to recognize the functionality of cell 'sram8t25x64'. (LIBG-10)
Warning: Line 57, The 'default_intrinsic_fall' attribute is not specified. Using 1.00. (LBDB-172)
Warning: Line 57, The 'default_inout_pin_fall_res' attribute is not specified. Using 0.00. (LBDB-172)
Warning: Line 57, The 'default_intrinsic_rise' attribute is not specified. Using 1.00. (LBDB-172)
Warning: Line 57, The 'default_slope_rise' attribute is not specified. Using 0.00. (LBDB-172)
Warning: Line 57, The 'default_output_pin_fall_res' attribute is not specified. Using 0.00. (LBDB-172)
Warning: Line 57, The 'default_slope_fall' attribute is not specified. Using 0.00. (LBDB-172)
Warning: Line 57, The 'default_inout_pin_rise_res' attribute is not specified. Using 0.00. (LBDB-172)
Warning: Line 57, The 'default_output_pin_rise_res' attribute is not specified. Using 0.00. (LBDB-172)
Warning: Line 57, The 'default_cell_leakage_power' attribute is not specified. Using 0.00. (LBDB-172)
Technology library 'sram8t25x64' read successfully
1
write_lib sram8t25x64 -output sram8t25x64.db
Wrote the 'sram8t25x64' library to '/scratch/cs250-fa14/ucbsc/sram8t25x64.pd.tmp/sram8t25x64.db' successfully.
1
exit

Thank you...

GENERATING sram8t25x64.conf
UCB_VLSI_HOME=/home/ff/cs250
UCB_STDCELLS=synopsys-32nm/multi_vt

Cell Width:  35.264000
Cell Height: 58.368000
Cell Area:   2058.289152
adding 10um to cell width
adding 10um to cell width
